#
# A fatal error has been detected by the Java Runtime Environment:
#
#  SIGSEGV (0xb) at pc=0x000000012308d561, pid=1180, tid=2571
#
# JRE version: Java(TM) SE Runtime Environment (8.0_51-b16) (build 1.8.0_51-b16)
# Java VM: Java HotSpot(TM) 64-Bit Server VM (25.51-b03 mixed mode bsd-amd64 compressed oops)
# Problematic frame:
# C  [libglass.dylib+0x15561]  GlassScreenDidChangeScreenParameters+0x21
#
# Failed to write core dump. Core dumps have been disabled. To enable core dumping, try "ulimit -c unlimited" before starting Java again
#
# If you would like to submit a bug report, please visit:
#   http://bugreport.java.com/bugreport/crash.jsp
#

---------------  T H R E A D  ---------------

Current thread is native thread

siginfo: si_signo: 11 (SIGSEGV), si_code: 1 (SEGV_MAPERR), si_addr: 0x0000000000000000

Registers:
RAX=0x00000001230bfac8, RBX=0x0000000000000000, RCX=0x0000000000000103, RDX=0x0000010000000100
RSP=0x00007fff566b1180, RBP=0x00007fff566b1190, RSI=0x00007fde52e128b8, RDI=0x0000000000000000
R8 =0x0000000000000040, R9 =0x00007fff7b6fa1e0, R10=0xffffffffffffffff, R11=0x0000000000000246
R12=0x00007fde52c31500, R13=0x00007fde52d76a40, R14=0x00007fde52d76b00, R15=0x0000000000000000
RIP=0x000000012308d561, EFLAGS=0x0000000000010246, ERR=0x0000000000000004
  TRAPNO=0x000000000000000e

Top of Stack: (sp=0x00007fff566b1180)
0x00007fff566b1180:   00007fff566b11d8 00007fde52d76b00
0x00007fff566b1190:   00007fff566b11a0 00007fff8fa8fc9c
0x00007fff566b11a0:   00007fff566b11c0 00007fff8fa8fc2f
0x00007fff566b11b0:   0000000000000000 0000000000000000
0x00007fff566b11c0:   00007fff566b1230 00007fff8fa8fba7
0x00007fff566b11d0:   00007fff8fe4f6e0 00007fff7c4e60a0
0x00007fff566b11e0:   0000000042000000 00007fff8fa8fbf0
0x00007fff566b11f0:   00007fff79f2c6f0 00007fde52d76a40
0x00007fff566b1200:   00007fde52c31500 00007fff566b19d8
0x00007fff566b1210:   00007fff7a0596d0 00007fff566b19d8
0x00007fff566b1220:   00007fde52d76a40 00007fff8fe4ea02
0x00007fff566b1230:   00007fff566b1270 00007fff8fa8f912
0x00007fff566b1240:   00007fff566b1850 0000000000000000
0x00007fff566b1250:   00007fff7a0596d0 00007fff566b19d8
0x00007fff566b1260:   00007fff8a631d40 00007fff8fe4ea02
0x00007fff566b1270:   00007fff566b1980 00007fff8fa4c6d2
0x00007fff566b1280:   00007fde52d21b00 0000000000000003
0x00007fff566b1290:   0000000000000000 00007fde52e16fb0
0x00007fff566b12a0:   00007fde53805048 00007fde52e421f0
0x00007fff566b12b0:   0000000000000000 00007fde52d76b60
0x00007fff566b12c0:   0000000000000000 0000000000000000
0x00007fff566b12d0:   00007fff79f69b50 00007fff566b1850
0x00007fff566b12e0:   0000000000000001 0000000000000100
0x00007fff566b12f0:   0000000000001000 00007fff566b1750
0x00007fff566b1300:   0000000000000000 0000000000000100
0x00007fff566b1310:   404a800000000000 00007fff7a0596d0
0x00007fff566b1320:   0000000000000000 00007fff79f2d490
0x00007fff566b1330:   00007fff7a0596d0 0000000000000000
0x00007fff566b1340:   00007fff79f2d490 00007fde52c2d080
0x00007fff566b1350:   00007fde52d21b00 00007fff91d511b3
0x00007fff566b1360:   0000000000159001 00007fff7933a2c0
0x00007fff566b1370:   0000000000159000 000000007933a2c0 

Instructions: (pc=0x000000012308d561)
0x000000012308d541:   48 89 e5 41 56 53 48 8d 05 72 26 03 00 48 83 38
0x000000012308d551:   00 48 89 fb 75 72 48 8d 05 6a 25 03 00 48 8b 30
0x000000012308d561:   48 8b 03 48 8d 15 74 9a 01 00 48 8d 0d 2e 70 01
0x000000012308d571:   00 48 89 df ff 90 88 03 00 00 48 8d 0d 3e 26 03 

Register to memory mapping:

RAX=0x00000001230bfac8: jScreenClass+0 in /Library/Java/JavaVirtualMachines/jdk1.8.0_51.jdk/Contents/Home/jre/lib/libglass.dylib at 0x0000000123078000
RBX=0x0000000000000000 is an unknown value
RCX=0x0000000000000103 is an unknown value
RDX=0x0000010000000100 is an unknown value
RSP=0x00007fff566b1180 is an unknown value
RBP=0x00007fff566b1190 is an unknown value
RSI=0x00007fde52e128b8 is a global jni handle
RDI=0x0000000000000000 is an unknown value
R8 =0x0000000000000040 is an unknown value
R9 =0x00007fff7b6fa1e0: __sFX+0x1c0 in /usr/lib/system/libsystem_c.dylib at 0x00007fff9647b000
R10=0xffffffffffffffff is an unknown value
R11=0x0000000000000246 is an unknown value
R12=0x00007fde52c31500 is an unknown value
R13=0x00007fde52d76a40 is an unknown value
R14=0x00007fde52d76b00 is an unknown value
R15=0x0000000000000000 is an unknown value


Stack: [0x00007fff55eb5000,0x00007fff566b5000],  sp=0x00007fff566b1180,  free space=8176k
Native frames: (J=compiled Java code, j=interpreted, Vv=VM code, C=native code)
C  [libglass.dylib+0x15561]  GlassScreenDidChangeScreenParameters+0x21
C  [CoreFoundation+0xa0c9c]  __CFNOTIFICATIONCENTER_IS_CALLING_OUT_TO_AN_OBSERVER__+0xc
C  [CoreFoundation+0xa0c2f]  ___CFXRegistrationPost_block_invoke+0x3f
C  [CoreFoundation+0xa0ba7]  _CFXRegistrationPost+0x197
C  [CoreFoundation+0xa0912]  ___CFXNotificationPost_block_invoke+0x32
C  [CoreFoundation+0x5d6d2]  -[_CFXNotificationRegistrar find:object:observer:enumerator:]+0x782
C  [CoreFoundation+0x5c925]  _CFXNotificationPost+0x2b5
C  [Foundation+0x70fa]  -[NSNotificationCenter postNotificationName:object:userInfo:]+0x42
C  [AppKit+0x41da66]  -[NSApplication _reactToScreenInvalidationImmediately:]+0x17f
C  [AppKit+0x41d8b7]  __44-[NSApplication _reactToScreenInvalidation:]_block_invoke+0x3b
C  [CoreFoundation+0xaa4dc]  __CFRUNLOOP_IS_CALLING_OUT_TO_A_BLOCK__+0xc
C  [CoreFoundation+0x89df5]  __CFRunLoopDoBlocks+0x155
C  [CoreFoundation+0x89b5b]  __CFRunLoopRun+0x92b
C  [CoreFoundation+0x88fc8]  CFRunLoopRunSpecific+0x128
C  [java+0x6463]  CreateExecutionEnvironment+0x367
C  [java+0x21ac]  JLI_Launch+0x7a0
C  [java+0x84c0]  main+0x65
C  [java+0x1a04]  start+0x34


---------------  P R O C E S S  ---------------

VM state:at safepoint (normal execution)

VM Mutex/Monitor currently owned by a thread:  ([mutex/lock_event])
[0x00007fde52f03d30] Threads_lock - owner thread: 0x00007fde53851000
[0x00007fde52f04230] Heap_lock - owner thread: 0x00007fde5400b800

Heap:
 PSYoungGen      total 38400K, used 13845K [0x0000000795580000, 0x0000000798000000, 0x00000007c0000000)
  eden space 33280K, 41% used [0x0000000795580000,0x0000000796305618,0x0000000797600000)
  from space 5120K, 0% used [0x0000000797b00000,0x0000000797b00000,0x0000000798000000)
  to   space 5120K, 0% used [0x0000000797600000,0x0000000797600000,0x0000000797b00000)
 ParOldGen       total 87552K, used 0K [0x0000000740000000, 0x0000000745580000, 0x0000000795580000)
  object space 87552K, 0% used [0x0000000740000000,0x0000000740000000,0x0000000745580000)
 Metaspace       used 7039K, capacity 7336K, committed 7680K, reserved 1056768K
  class space    used 839K, capacity 932K, committed 1024K, reserved 1048576K

Card table byte_map: [0x000000011a3c0000,0x000000011a7c1000] byte_map_base: 0x00000001169c0000

Marking Bits: (ParMarkBitMap*) 0x000000010a08f7a0
 Begin Bits: [0x000000011aa6c000, 0x000000011ca6c000)
 End Bits:   [0x000000011ca6c000, 0x000000011ea6c000)

Polling page: 0x000000010a77d000

CodeCache: size=245760Kb used=2145Kb max_used=2145Kb free=243614Kb
 bounds [0x000000010b000000, 0x000000010b270000, 0x000000011a000000]
 total_blobs=891 nmethods=502 adapters=303
 compilation: enabled

Compilation events (10 events):
Event: 1.328 Thread 0x00007fde53028000 nmethod 497 0x000000010b215a50 code [0x000000010b215c00, 0x000000010b2161d8]
Event: 1.328 Thread 0x00007fde53028000  498       3       java.net.URLClassLoader$1::<init> (15 bytes)
Event: 1.328 Thread 0x00007fde53028000 nmethod 498 0x000000010b216410 code [0x000000010b216580, 0x000000010b216770]
Event: 1.328 Thread 0x00007fde53028000  500       3       java.net.URLClassLoader$1::run (5 bytes)
Event: 1.328 Thread 0x00007fde53028000 nmethod 500 0x000000010b216810 code [0x000000010b216980, 0x000000010b216b28]
Event: 1.328 Thread 0x00007fde53028000  501   !   3       java.net.URLClassLoader$1::run (63 bytes)
Event: 1.329 Thread 0x00007fde53028000 nmethod 501 0x000000010b216bd0 code [0x000000010b216da0, 0x000000010b2172e8]
Event: 1.331 Thread 0x00007fde53028000  503       3       jdk.internal.org.objectweb.asm.MethodWriter::<init> (268 bytes)
Event: 1.332 Thread 0x00007fde53028000 nmethod 503 0x000000010b217b10 code [0x000000010b217d60, 0x000000010b218a68]
Event: 1.332 Thread 0x00007fde53028000  504       3       jdk.internal.org.objectweb.asm.MethodWriter::visitMaxs (1159 bytes)

GC Heap History (0 events):
No events

Deoptimization events (1 events):
Event: 1.313 Thread 0x00007fde530e7000 Uncommon trap: reason=unstable_if action=reinterpret pc=0x000000010b1c1374 method=java.lang.String.replace(CC)Ljava/lang/String; @ 2

Internal exceptions (10 events):
Event: 0.106 Thread 0x00007fde5400b800 Exception <a 'java/lang/NoSuchMethodError': Method sun.misc.Unsafe.defineClass(Ljava/lang/String;[BII)Ljava/lang/Class; name or signature does not match> (0x0000000795592db0) thrown at [/Users/java_re/workspace/8-2-build-macosx-x86_64/jdk8u51/3951/hotspot
Event: 0.106 Thread 0x00007fde5400b800 Exception <a 'java/lang/NoSuchMethodError': Method sun.misc.Unsafe.prefetchRead(Ljava/lang/Object;J)V name or signature does not match> (0x0000000795593040) thrown at [/Users/java_re/workspace/8-2-build-macosx-x86_64/jdk8u51/3951/hotspot/src/share/vm/prim
Event: 0.683 Thread 0x00007fde5400b800 Exception <a 'java/lang/NoSuchFieldError': method resolution failed> (0x0000000795a176b0) thrown at [/Users/java_re/workspace/8-2-build-macosx-x86_64/jdk8u51/3951/hotspot/src/share/vm/prims/methodHandles.cpp, line 1125]
Event: 0.696 Thread 0x00007fde5400b800 Exception <a 'java/lang/NoSuchFieldError': method resolution failed> (0x0000000795a25d80) thrown at [/Users/java_re/workspace/8-2-build-macosx-x86_64/jdk8u51/3951/hotspot/src/share/vm/prims/methodHandles.cpp, line 1125]
Event: 0.734 Thread 0x00007fde54825800 Exception <a 'java/security/PrivilegedActionException'> (0x0000000795ad22f8) thrown at [/Users/java_re/workspace/8-2-build-macosx-x86_64/jdk8u51/3951/hotspot/src/share/vm/prims/jvm.cpp, line 1382]
Event: 0.734 Thread 0x00007fde54825800 Exception <a 'java/security/PrivilegedActionException'> (0x0000000795ad24b0) thrown at [/Users/java_re/workspace/8-2-build-macosx-x86_64/jdk8u51/3951/hotspot/src/share/vm/prims/jvm.cpp, line 1382]
Event: 0.735 Thread 0x00007fde54825800 Exception <a 'java/security/PrivilegedActionException'> (0x0000000795ad56a0) thrown at [/Users/java_re/workspace/8-2-build-macosx-x86_64/jdk8u51/3951/hotspot/src/share/vm/prims/jvm.cpp, line 1382]
Event: 0.735 Thread 0x00007fde54825800 Exception <a 'java/security/PrivilegedActionException'> (0x0000000795ad5858) thrown at [/Users/java_re/workspace/8-2-build-macosx-x86_64/jdk8u51/3951/hotspot/src/share/vm/prims/jvm.cpp, line 1382]
Event: 0.735 Thread 0x00007fde54825800 Exception <a 'java/lang/NullPointerException'> (0x0000000795ad5ff0) thrown at [/Users/java_re/workspace/8-2-build-macosx-x86_64/jdk8u51/3951/hotspot/src/share/vm/interpreter/linkResolver.cpp, line 1178]
Event: 1.332 Thread 0x00007fde5400b800 Exception <a 'java/lang/reflect/InvocationTargetException'> (0x0000000795aaad88) thrown at [/Users/java_re/workspace/8-2-build-macosx-x86_64/jdk8u51/3951/hotspot/src/share/vm/runtime/reflection.cpp, line 1080]

Events (10 events):
Event: 1.332 loading class java/lang/Throwable$WrappedPrintStream done
Event: 1.332 loading class java/util/IdentityHashMap$KeySet
Event: 1.332 loading class java/util/IdentityHashMap$KeySet done
Event: 1.333 Thread 0x00007fde5400b800 Thread exited: 0x00007fde5400b800
Event: 1.333 Thread 0x00007fde5400b800 Thread added: 0x00007fde5400b800
Event: 1.333 loading class java/util/IdentityHashMap$KeyIterator
Event: 1.333 loading class java/util/IdentityHashMap$IdentityHashMapIterator
Event: 1.333 loading class java/util/IdentityHashMap$IdentityHashMapIterator done
Event: 1.333 loading class java/util/IdentityHashMap$KeyIterator done
Event: 1.334 Thread 0x00007fde5400b800 Thread exited: 0x00007fde5400b800


Dynamic libraries:
0x000000000876d000 	/System/Library/Frameworks/Cocoa.framework/Versions/A/Cocoa
0x000000000876d000 	/System/Library/Frameworks/Security.framework/Versions/A/Security
0x000000000876d000 	/System/Library/Frameworks/ApplicationServices.framework/Versions/A/ApplicationServices
0x000000000876d000 	/usr/lib/libz.1.dylib
0x000000000876d000 	/usr/lib/libSystem.B.dylib
0x000000000876d000 	/usr/lib/libobjc.A.dylib
0x000000000876d000 	/System/Library/Frameworks/CoreFoundation.framework/Versions/A/CoreFoundation
0x000000000876d000 	/System/Library/Frameworks/Foundation.framework/Versions/C/Foundation
0x000000000876d000 	/System/Library/Frameworks/AppKit.framework/Versions/C/AppKit
0x000000000876d000 	/System/Library/Frameworks/CoreData.framework/Versions/A/CoreData
0x000000000876d000 	/System/Library/PrivateFrameworks/RemoteViewServices.framework/Versions/A/RemoteViewServices
0x000000000876d000 	/System/Library/PrivateFrameworks/UIFoundation.framework/Versions/A/UIFoundation
0x000000000876d000 	/usr/lib/libScreenReader.dylib
0x000000000876d000 	/System/Library/Frameworks/Accelerate.framework/Versions/A/Accelerate
0x000000000876d000 	/System/Library/Frameworks/IOSurface.framework/Versions/A/IOSurface
0x000000000876d000 	/System/Library/Frameworks/AudioToolbox.framework/Versions/A/AudioToolbox
0x000000000876d000 	/System/Library/Frameworks/AudioUnit.framework/Versions/A/AudioUnit
0x000000000876d000 	/System/Library/PrivateFrameworks/DataDetectorsCore.framework/Versions/A/DataDetectorsCore
0x000000000876d000 	/System/Library/PrivateFrameworks/DesktopServicesPriv.framework/Versions/A/DesktopServicesPriv
0x000000000876d000 	/System/Library/Frameworks/Carbon.framework/Versions/A/Frameworks/HIToolbox.framework/Versions/A/HIToolbox
0x000000000876d000 	/System/Library/Frameworks/QuartzCore.framework/Versions/A/QuartzCore
0x000000000876d000 	/System/Library/Frameworks/Carbon.framework/Versions/A/Frameworks/SpeechRecognition.framework/Versions/A/SpeechRecognition
0x000000000876d000 	/usr/lib/libauto.dylib
0x000000000876d000 	/usr/lib/libicucore.A.dylib
0x000000000876d000 	/usr/lib/libxml2.2.dylib
0x000000000876d000 	/System/Library/PrivateFrameworks/CoreUI.framework/Versions/A/CoreUI
0x000000000876d000 	/System/Library/Frameworks/CoreAudio.framework/Versions/A/CoreAudio
0x000000000876d000 	/System/Library/Frameworks/DiskArbitration.framework/Versions/A/DiskArbitration
0x000000000876d000 	/usr/lib/liblangid.dylib
0x000000000876d000 	/System/Library/PrivateFrameworks/MultitouchSupport.framework/Versions/A/MultitouchSupport
0x000000000876d000 	/System/Library/Frameworks/IOKit.framework/Versions/A/IOKit
0x000000000876d000 	/usr/lib/libDiagnosticMessagesClient.dylib
0x000000000876d000 	/System/Library/Frameworks/CoreServices.framework/Versions/A/CoreServices
0x000000000876d000 	/System/Library/PrivateFrameworks/PerformanceAnalysis.framework/Versions/A/PerformanceAnalysis
0x000000000876d000 	/System/Library/PrivateFrameworks/GenerationalStorage.framework/Versions/A/GenerationalStorage
0x000000000876d000 	/System/Library/Frameworks/OpenGL.framework/Versions/A/OpenGL
0x000000000876d000 	/System/Library/PrivateFrameworks/Sharing.framework/Versions/A/Sharing
0x000000000876d000 	/System/Library/Frameworks/CoreGraphics.framework/Versions/A/CoreGraphics
0x000000000876d000 	/System/Library/Frameworks/CoreImage.framework/Versions/A/CoreImage
0x000000000876d000 	/System/Library/Frameworks/CoreText.framework/Versions/A/CoreText
0x000000000876d000 	/System/Library/Frameworks/ImageIO.framework/Versions/A/ImageIO
0x000000000876d000 	/System/Library/PrivateFrameworks/Backup.framework/Versions/A/Backup
0x000000000876d000 	/usr/lib/libextension.dylib
0x000000000876d000 	/usr/lib/libarchive.2.dylib
0x000000000876d000 	/System/Library/Frameworks/CFNetwork.framework/Versions/A/CFNetwork
0x000000000876d000 	/System/Library/Frameworks/SystemConfiguration.framework/Versions/A/SystemConfiguration
0x000000000876d000 	/usr/lib/libCRFSuite.dylib
0x000000000876d000 	/usr/lib/libc++.1.dylib
0x000000000876d000 	/usr/lib/libc++abi.dylib
0x000000000876d000 	/usr/lib/system/libcache.dylib
0x000000000876d000 	/usr/lib/system/libcommonCrypto.dylib
0x000000000876d000 	/usr/lib/system/libcompiler_rt.dylib
0x000000000876d000 	/usr/lib/system/libcopyfile.dylib
0x000000000876d000 	/usr/lib/system/libcorecrypto.dylib
0x000000000876d000 	/usr/lib/system/libdispatch.dylib
0x000000000876d000 	/usr/lib/system/libdyld.dylib
0x000000000876d000 	/usr/lib/system/libkeymgr.dylib
0x000000000876d000 	/usr/lib/system/liblaunch.dylib
0x000000000876d000 	/usr/lib/system/libmacho.dylib
0x000000000876d000 	/usr/lib/system/libquarantine.dylib
0x000000000876d000 	/usr/lib/system/libremovefile.dylib
0x000000000876d000 	/usr/lib/system/libsystem_asl.dylib
0x000000000876d000 	/usr/lib/system/libsystem_blocks.dylib
0x000000000876d000 	/usr/lib/system/libsystem_c.dylib
0x000000000876d000 	/usr/lib/system/libsystem_configuration.dylib
0x000000000876d000 	/usr/lib/system/libsystem_coreservices.dylib
0x000000000876d000 	/usr/lib/system/libsystem_coretls.dylib
0x000000000876d000 	/usr/lib/system/libsystem_dnssd.dylib
0x000000000876d000 	/usr/lib/system/libsystem_info.dylib
0x000000000876d000 	/usr/lib/system/libsystem_kernel.dylib
0x000000000876d000 	/usr/lib/system/libsystem_m.dylib
0x000000000876d000 	/usr/lib/system/libsystem_malloc.dylib
0x000000000876d000 	/usr/lib/system/libsystem_network.dylib
0x000000000876d000 	/usr/lib/system/libsystem_networkextension.dylib
0x000000000876d000 	/usr/lib/system/libsystem_notify.dylib
0x000000000876d000 	/usr/lib/system/libsystem_platform.dylib
0x000000000876d000 	/usr/lib/system/libsystem_pthread.dylib
0x000000000876d000 	/usr/lib/system/libsystem_sandbox.dylib
0x000000000876d000 	/usr/lib/system/libsystem_secinit.dylib
0x000000000876d000 	/usr/lib/system/libsystem_trace.dylib
0x000000000876d000 	/usr/lib/system/libunc.dylib
0x000000000876d000 	/usr/lib/system/libunwind.dylib
0x000000000876d000 	/usr/lib/system/libxpc.dylib
0x000000000876d000 	/usr/lib/libenergytrace.dylib
0x000000000876d000 	/usr/lib/libbsm.0.dylib
0x000000000876d000 	/usr/lib/system/libkxld.dylib
0x000000000876d000 	/usr/lib/libxar.1.dylib
0x000000000876d000 	/usr/lib/libsqlite3.dylib
0x000000000876d000 	/usr/lib/libpam.2.dylib
0x000000000876d000 	/usr/lib/libOpenScriptingUtil.dylib
0x000000000876d000 	/usr/lib/libbz2.1.0.dylib
0x000000000876d000 	/usr/lib/liblzma.5.dylib
0x000000000876d000 	/System/Library/Frameworks/CoreServices.framework/Versions/A/Frameworks/FSEvents.framework/Versions/A/FSEvents
0x000000000876d000 	/System/Library/Frameworks/CoreServices.framework/Versions/A/Frameworks/CarbonCore.framework/Versions/A/CarbonCore
0x000000000876d000 	/System/Library/Frameworks/CoreServices.framework/Versions/A/Frameworks/Metadata.framework/Versions/A/Metadata
0x000000000876d000 	/System/Library/Frameworks/CoreServices.framework/Versions/A/Frameworks/OSServices.framework/Versions/A/OSServices
0x000000000876d000 	/System/Library/Frameworks/CoreServices.framework/Versions/A/Frameworks/SearchKit.framework/Versions/A/SearchKit
0x000000000876d000 	/System/Library/Frameworks/CoreServices.framework/Versions/A/Frameworks/AE.framework/Versions/A/AE
0x000000000876d000 	/System/Library/Frameworks/CoreServices.framework/Versions/A/Frameworks/LaunchServices.framework/Versions/A/LaunchServices
0x000000000876d000 	/System/Library/Frameworks/CoreServices.framework/Versions/A/Frameworks/DictionaryServices.framework/Versions/A/DictionaryServices
0x000000000876d000 	/System/Library/Frameworks/CoreServices.framework/Versions/A/Frameworks/SharedFileList.framework/Versions/A/SharedFileList
0x000000000876d000 	/System/Library/Frameworks/NetFS.framework/Versions/A/NetFS
0x000000000876d000 	/System/Library/PrivateFrameworks/NetAuth.framework/Versions/A/NetAuth
0x000000000876d000 	/System/Library/PrivateFrameworks/login.framework/Versions/A/Frameworks/loginsupport.framework/Versions/A/loginsupport
0x000000000876d000 	/System/Library/PrivateFrameworks/TCC.framework/Versions/A/TCC
0x000000000876d000 	/usr/lib/libmecabra.dylib
0x000000000876d000 	/System/Library/Frameworks/ApplicationServices.framework/Versions/A/Frameworks/ATS.framework/Versions/A/ATS
0x000000000876d000 	/System/Library/Frameworks/ApplicationServices.framework/Versions/A/Frameworks/ColorSync.framework/Versions/A/ColorSync
0x000000000876d000 	/System/Library/Frameworks/ApplicationServices.framework/Versions/A/Frameworks/HIServices.framework/Versions/A/HIServices
0x000000000876d000 	/System/Library/Frameworks/ApplicationServices.framework/Versions/A/Frameworks/LangAnalysis.framework/Versions/A/LangAnalysis
0x000000000876d000 	/System/Library/Frameworks/ApplicationServices.framework/Versions/A/Frameworks/PrintCore.framework/Versions/A/PrintCore
0x000000000876d000 	/System/Library/Frameworks/ApplicationServices.framework/Versions/A/Frameworks/QD.framework/Versions/A/QD
0x000000000876d000 	/System/Library/Frameworks/ApplicationServices.framework/Versions/A/Frameworks/SpeechSynthesis.framework/Versions/A/SpeechSynthesis
0x000000000876d000 	/System/Library/Frameworks/Metal.framework/Versions/A/Metal
0x000000000876d000 	/System/Library/Frameworks/Accelerate.framework/Versions/A/Frameworks/vImage.framework/Versions/A/vImage
0x000000000876d000 	/System/Library/Frameworks/Accelerate.framework/Versions/A/Frameworks/vecLib.framework/Versions/A/vecLib
0x000000000876d000 	/System/Library/Frameworks/Accelerate.framework/Versions/A/Frameworks/vecLib.framework/Versions/A/libvDSP.dylib
0x000000000876d000 	/System/Library/Frameworks/Accelerate.framework/Versions/A/Frameworks/vecLib.framework/Versions/A/libvMisc.dylib
0x000000000876d000 	/System/Library/Frameworks/Accelerate.framework/Versions/A/Frameworks/vecLib.framework/Versions/A/libLAPACK.dylib
0x000000000876d000 	/System/Library/Frameworks/Accelerate.framework/Versions/A/Frameworks/vecLib.framework/Versions/A/libBLAS.dylib
0x000000000876d000 	/System/Library/Frameworks/Accelerate.framework/Versions/A/Frameworks/vecLib.framework/Versions/A/libLinearAlgebra.dylib
0x000000000876d000 	/System/Library/Frameworks/Accelerate.framework/Versions/A/Frameworks/vecLib.framework/Versions/A/libSparseBLAS.dylib
0x000000000876d000 	/System/Library/PrivateFrameworks/GPUCompiler.framework/libmetal_timestamp.dylib
0x000000000876d000 	/System/Library/Frameworks/OpenGL.framework/Versions/A/Libraries/libCoreFSCache.dylib
0x000000000876d000 	/System/Library/PrivateFrameworks/IOAccelerator.framework/Versions/A/IOAccelerator
0x000000000876d000 	/System/Library/Frameworks/ApplicationServices.framework/Versions/A/Frameworks/ATS.framework/Versions/A/Resources/libFontParser.dylib
0x000000000876d000 	/System/Library/Frameworks/ApplicationServices.framework/Versions/A/Frameworks/ATS.framework/Versions/A/Resources/libFontRegistry.dylib
0x000000000876d000 	/System/Library/PrivateFrameworks/AppleVPA.framework/Versions/A/AppleVPA
0x000000000876d000 	/System/Library/PrivateFrameworks/AppleJPEG.framework/Versions/A/AppleJPEG
0x000000000876d000 	/System/Library/Frameworks/ImageIO.framework/Versions/A/Resources/libJPEG.dylib
0x000000000876d000 	/System/Library/Frameworks/ImageIO.framework/Versions/A/Resources/libTIFF.dylib
0x000000000876d000 	/System/Library/Frameworks/ImageIO.framework/Versions/A/Resources/libPng.dylib
0x000000000876d000 	/System/Library/Frameworks/ImageIO.framework/Versions/A/Resources/libGIF.dylib
0x000000000876d000 	/System/Library/Frameworks/ImageIO.framework/Versions/A/Resources/libJP2.dylib
0x000000000876d000 	/System/Library/Frameworks/ImageIO.framework/Versions/A/Resources/libRadiance.dylib
0x000000000876d000 	/System/Library/Frameworks/CoreVideo.framework/Versions/A/CoreVideo
0x000000000876d000 	/System/Library/Frameworks/OpenGL.framework/Versions/A/Libraries/libGLU.dylib
0x000000000876d000 	/System/Library/Frameworks/OpenGL.framework/Versions/A/Libraries/libGFXShared.dylib
0x000000000876d000 	/System/Library/Frameworks/OpenGL.framework/Versions/A/Libraries/libGL.dylib
0x000000000876d000 	/System/Library/Frameworks/OpenGL.framework/Versions/A/Libraries/libGLImage.dylib
0x000000000876d000 	/System/Library/Frameworks/OpenGL.framework/Versions/A/Libraries/libCVMSPluginSupport.dylib
0x000000000876d000 	/System/Library/Frameworks/OpenGL.framework/Versions/A/Libraries/libCoreVMClient.dylib
0x000000000876d000 	/usr/lib/libcups.2.dylib
0x000000000876d000 	/System/Library/Frameworks/Kerberos.framework/Versions/A/Kerberos
0x000000000876d000 	/System/Library/Frameworks/GSS.framework/Versions/A/GSS
0x000000000876d000 	/usr/lib/libresolv.9.dylib
0x000000000876d000 	/usr/lib/libiconv.2.dylib
0x000000000876d000 	/System/Library/PrivateFrameworks/Heimdal.framework/Versions/A/Heimdal
0x000000000876d000 	/usr/lib/libheimdal-asn1.dylib
0x000000000876d000 	/System/Library/Frameworks/OpenDirectory.framework/Versions/A/OpenDirectory
0x000000000876d000 	/System/Library/PrivateFrameworks/CommonAuth.framework/Versions/A/CommonAuth
0x000000000876d000 	/System/Library/Frameworks/OpenDirectory.framework/Versions/A/Frameworks/CFOpenDirectory.framework/Versions/A/CFOpenDirectory
0x000000000876d000 	/System/Library/Frameworks/SecurityFoundation.framework/Versions/A/SecurityFoundation
0x000000000876d000 	/System/Library/PrivateFrameworks/LanguageModeling.framework/Versions/A/LanguageModeling
0x000000000876d000 	/usr/lib/libmarisa.dylib
0x000000000876d000 	/usr/lib/libChineseTokenizer.dylib
0x000000000876d000 	/usr/lib/libcmph.dylib
0x000000000876d000 	/usr/lib/libcompression.dylib
0x000000000876d000 	/System/Library/Frameworks/ServiceManagement.framework/Versions/A/ServiceManagement
0x000000000876d000 	/usr/lib/libxslt.1.dylib
0x000000000876d000 	/System/Library/Frameworks/Carbon.framework/Versions/A/Frameworks/Ink.framework/Versions/A/Ink
0x000000000876d000 	/usr/lib/libFosl_dynamic.dylib
0x000000000876d000 	/System/Library/PrivateFrameworks/FaceCore.framework/Versions/A/FaceCore
0x000000000876d000 	/System/Library/Frameworks/OpenCL.framework/Versions/A/OpenCL
0x000000000876d000 	/System/Library/PrivateFrameworks/CrashReporterSupport.framework/Versions/A/CrashReporterSupport
0x000000000876d000 	/System/Library/PrivateFrameworks/IconServices.framework/Versions/A/IconServices
0x000000000876d000 	/System/Library/PrivateFrameworks/Apple80211.framework/Versions/A/Apple80211
0x000000000876d000 	/System/Library/Frameworks/CoreWLAN.framework/Versions/A/CoreWLAN
0x000000000876d000 	/System/Library/Frameworks/IOBluetooth.framework/Versions/A/IOBluetooth
0x000000000876d000 	/System/Library/PrivateFrameworks/CoreWiFi.framework/Versions/A/CoreWiFi
0x000000000876d000 	/System/Library/Frameworks/CoreBluetooth.framework/Versions/A/CoreBluetooth
0x000000000876d000 	/System/Library/PrivateFrameworks/ChunkingLibrary.framework/Versions/A/ChunkingLibrary
0x000000000876d000 	/System/Library/PrivateFrameworks/DebugSymbols.framework/Versions/A/DebugSymbols
0x000000000876d000 	/System/Library/PrivateFrameworks/CoreSymbolication.framework/Versions/A/CoreSymbolication
0x000000000876d000 	/System/Library/PrivateFrameworks/Symbolication.framework/Versions/A/Symbolication
0x000000000876d000 	/System/Library/PrivateFrameworks/SpeechRecognitionCore.framework/Versions/A/SpeechRecognitionCore
0x000000004ea97000 	/System/Library/CoreServices/Encodings/libLatin2Converter.dylib
0x00000001097cd000 	/Library/Java/JavaVirtualMachines/jdk1.8.0_51.jdk/Contents/Home/jre/lib/server/libjvm.dylib
0x000000000876d000 	/usr/lib/libstdc++.6.dylib
0x000000010a73a000 	/Library/Java/JavaVirtualMachines/jdk1.8.0_51.jdk/Contents/Home/jre/lib/libverify.dylib
0x000000010a748000 	/Library/Java/JavaVirtualMachines/jdk1.8.0_51.jdk/Contents/Home/jre/lib/libjava.dylib
0x000000010a787000 	/Library/Java/JavaVirtualMachines/jdk1.8.0_51.jdk/Contents/Home/jre/lib/libzip.dylib
0x000000010a7e1000 	/System/Library/Frameworks/JavaVM.framework/Frameworks/JavaRuntimeSupport.framework/JavaRuntimeSupport
0x0000000120913000 	/System/Library/Frameworks/JavaVM.framework/Versions/A/Frameworks/JavaNativeFoundation.framework/Versions/A/JavaNativeFoundation
0x0000000120928000 	/System/Library/Frameworks/JavaVM.framework/Versions/A/JavaVM
0x000000000876d000 	/System/Library/Frameworks/Carbon.framework/Versions/A/Carbon
0x0000000120935000 	/System/Library/PrivateFrameworks/JavaLaunching.framework/Versions/A/JavaLaunching
0x000000000876d000 	/System/Library/Frameworks/Carbon.framework/Versions/A/Frameworks/CommonPanels.framework/Versions/A/CommonPanels
0x000000000876d000 	/System/Library/Frameworks/Carbon.framework/Versions/A/Frameworks/Help.framework/Versions/A/Help
0x000000000876d000 	/System/Library/Frameworks/Carbon.framework/Versions/A/Frameworks/ImageCapture.framework/Versions/A/ImageCapture
0x000000000876d000 	/System/Library/Frameworks/Carbon.framework/Versions/A/Frameworks/OpenScripting.framework/Versions/A/OpenScripting
0x000000000876d000 	/System/Library/Frameworks/Carbon.framework/Versions/A/Frameworks/Print.framework/Versions/A/Print
0x000000000876d000 	/System/Library/Frameworks/Carbon.framework/Versions/A/Frameworks/SecurityHI.framework/Versions/A/SecurityHI
0x000000012236f000 	/Applications/IntelliJ IDEA 15.app/Contents/bin/libbreakgen64.jnilib
0x0000000122372000 	/Library/Java/JavaVirtualMachines/jdk1.8.0_51.jdk/Contents/Home/jre/lib/libnet.dylib
0x0000000122467000 	/Library/Java/JavaVirtualMachines/jdk1.8.0_51.jdk/Contents/Home/jre/lib/libprism_es2.dylib
0x000000000876d000 	/System/Library/Frameworks/OpenGL.framework/Versions/A/Resources/GLEngine.bundle/GLEngine
0x000000000876d000 	/System/Library/Frameworks/OpenGL.framework/Versions/A/Libraries/libGLProgrammability.dylib
0x00000001224e9000 	/System/Library/Extensions/AppleIntelHD5000GraphicsGLDriver.bundle/Contents/MacOS/AppleIntelHD5000GraphicsGLDriver
0x000000000876d000 	/System/Library/PrivateFrameworks/GPUSupport.framework/Versions/A/Libraries/libGPUSupportMercury.dylib
0x000000000876d000 	/System/Library/Frameworks/OpenGL.framework/Versions/A/Resources/GLRendererFloat.bundle/GLRendererFloat
0x000000000876d000 	/System/Library/Frameworks/OpenCL.framework/Versions/A/Libraries/libcldcpuengine.dylib
0x000000000876d000 	/System/Library/PrivateFrameworks/DiskImages.framework/Versions/A/DiskImages
0x000000000876d000 	/System/Library/Frameworks/DiscRecording.framework/Versions/A/DiscRecording
0x000000000876d000 	/usr/lib/libcsfde.dylib
0x000000000876d000 	/usr/lib/libcurl.4.dylib
0x000000000876d000 	/System/Library/PrivateFrameworks/MediaKit.framework/Versions/A/MediaKit
0x000000000876d000 	/System/Library/PrivateFrameworks/ProtectedCloudStorage.framework/Versions/A/ProtectedCloudStorage
0x000000000876d000 	/usr/lib/libCoreStorage.dylib
0x000000000876d000 	/System/Library/PrivateFrameworks/EFILogin.framework/Versions/A/EFILogin
0x000000000876d000 	/usr/lib/libutil.dylib
0x000000000876d000 	/System/Library/PrivateFrameworks/FindMyDevice.framework/Versions/A/FindMyDevice
0x000000000876d000 	/System/Library/Frameworks/LDAP.framework/Versions/A/LDAP
0x000000000876d000 	/usr/lib/libsasl2.2.dylib
0x000000000876d000 	/System/Library/PrivateFrameworks/CoreDaemon.framework/Versions/B/CoreDaemon
0x000000000876d000 	/usr/lib/libcrypto.0.9.8.dylib
0x000000000876d000 	/System/Library/PrivateFrameworks/AppleSRP.framework/Versions/A/AppleSRP
0x000000000876d000 	/System/Library/PrivateFrameworks/TrustEvaluationAgent.framework/Versions/A/TrustEvaluationAgent
0x0000000123078000 	/Library/Java/JavaVirtualMachines/jdk1.8.0_51.jdk/Contents/Home/jre/lib/libglass.dylib
0x000000000876d000 	/System/Library/PrivateFrameworks/CoreServicesInternal.framework/Versions/A/CoreServicesInternal
0x000000000876d000 	/System/Library/CoreServices/RawCamera.bundle/Contents/MacOS/RawCamera
0x000000000876d000 	/System/Library/Frameworks/CoreGraphics.framework/Versions/A/Resources/libRIP.A.dylib
0x000000000876d000 	/System/Library/Frameworks/Accelerate.framework/Versions/A/Frameworks/vImage.framework/Versions/A/Libraries/libCGInterfaces.dylib
0x000000000876d000 	/System/Library/PrivateFrameworks/FamilyControls.framework/Versions/A/FamilyControls
0x000000000876d000 	/System/Library/PrivateFrameworks/CommerceKit.framework/Versions/A/Frameworks/CommerceCore.framework/Versions/A/CommerceCore
0x000000000876d000 	/System/Library/PrivateFrameworks/SystemAdministration.framework/Versions/A/SystemAdministration
0x000000000876d000 	/System/Library/PrivateFrameworks/AppContainer.framework/Versions/A/AppContainer
0x000000000876d000 	/System/Library/PrivateFrameworks/SecCodeWrapper.framework/Versions/A/SecCodeWrapper
0x000000000876d000 	/System/Library/Frameworks/DirectoryService.framework/Versions/A/DirectoryService
0x000000000876d000 	/System/Library/PrivateFrameworks/LoginUIKit.framework/Versions/A/Frameworks/LoginUICore.framework/Versions/A/LoginUICore
0x000000000876d000 	/usr/lib/libodfde.dylib

VM Arguments:
jvm_args: -Didea.launcher.port=7545 -Didea.launcher.bin.path=/Applications/IntelliJ IDEA 15.app/Contents/bin -Dfile.encoding=UTF-8 
java_command: com.intellij.rt.execution.application.AppMain Main
java_class_path (initial): /Library/Java/JavaVirtualMachines/jdk1.8.0_51.jdk/Contents/Home/jre/lib/charsets.jar:/Library/Java/JavaVirtualMachines/jdk1.8.0_51.jdk/Contents/Home/jre/lib/deploy.jar:/Library/Java/JavaVirtualMachines/jdk1.8.0_51.jdk/Contents/Home/jre/lib/ext/cldrdata.jar:/Library/Java/JavaVirtualMachines/jdk1.8.0_51.jdk/Contents/Home/jre/lib/ext/dnsns.jar:/Library/Java/JavaVirtualMachines/jdk1.8.0_51.jdk/Contents/Home/jre/lib/ext/jfxrt.jar:/Library/Java/JavaVirtualMachines/jdk1.8.0_51.jdk/Contents/Home/jre/lib/ext/localedata.jar:/Library/Java/JavaVirtualMachines/jdk1.8.0_51.jdk/Contents/Home/jre/lib/ext/nashorn.jar:/Library/Java/JavaVirtualMachines/jdk1.8.0_51.jdk/Contents/Home/jre/lib/ext/sunec.jar:/Library/Java/JavaVirtualMachines/jdk1.8.0_51.jdk/Contents/Home/jre/lib/ext/sunjce_provider.jar:/Library/Java/JavaVirtualMachines/jdk1.8.0_51.jdk/Contents/Home/jre/lib/ext/sunpkcs11.jar:/Library/Java/JavaVirtualMachines/jdk1.8.0_51.jdk/Contents/Home/jre/lib/ext/zipfs.jar:/Library/Java/JavaVirtualMachines/jdk1.8.0_51.jdk/Contents/Home/jre/lib/javaws.jar:/Library/Java/JavaVirtualMachines/jdk1.8.0_51.jdk/Contents/Home/jre/lib/jce.jar:/Library/Java/JavaVirtualMachines/jdk1.8.0_51.jdk/Contents/Home/jre/lib/jfr.jar:/Library/Java/JavaVirtualMachines/jdk1.8.0_51.jdk/Contents/Home/jre/lib/jfxswt.jar:/Library/Java/JavaVirtualMachines/jdk1.8.0_51.jdk/Contents/Home/jre/lib/jsse.jar:/Library/Java/JavaVirtualMachines/jdk1.8.0_51.jdk/Contents/Home/jre/lib/management-agent.jar:/Library/Java/JavaVirtualMachines/jdk1.8.0_51.jdk/Contents/Home/jre/lib/plugin.jar:/Library/Java/JavaVirtualMachines/jdk1.8.0_51.jdk/Contents/Home/jre/lib/resources.jar:/Library/Java/JavaVirtualMachines/jdk1.8.0_51.jdk/Contents/Home/jre/lib/rt.jar:/Library/Java/JavaVirtualMachines/jdk1.8.0_51.jdk/Contents/Home/lib/ant-javafx.jar:/Library/Java/JavaVirtualMachines/jdk1.8.0_51.jdk/Contents/Home/lib/dt.jar:/Library/Java/JavaVirtualMachines/jdk1.8.0_51.jdk/Contents/Home/lib/javafx-mx.jar:/Library/Java/Jav
Launcher Type: SUN_STANDARD

Environment Variables:
PATH=/usr/local/bin:/usr/bin:/bin:/usr/sbin:/sbin:/opt/X11/bin:/usr/local/CrossPack-AVR/bin:/Library/TeX/texbin
SHELL=/bin/bash
DISPLAY=/private/tmp/com.apple.launchd.68FS7EWgGL/org.macosforge.xquartz:0

Signal Handlers:
SIGSEGV: [libjvm.dylib+0x58ef35], sa_mask[0]=11111111011111110111111111111111, sa_flags=SA_ONSTACK|SA_RESTART|SA_SIGINFO
SIGBUS: [libjvm.dylib+0x58ef35], sa_mask[0]=11111111011111110111111111111111, sa_flags=SA_RESTART|SA_SIGINFO
SIGFPE: [libjvm.dylib+0x46c028], sa_mask[0]=11111111011111110111111111111111, sa_flags=SA_RESTART|SA_SIGINFO
SIGPIPE: [libjvm.dylib+0x46c028], sa_mask[0]=11111111011111110111111111111111, sa_flags=SA_RESTART|SA_SIGINFO
SIGXFSZ: [libjvm.dylib+0x46c028], sa_mask[0]=11111111011111110111111111111111, sa_flags=SA_RESTART|SA_SIGINFO
SIGILL: [libjvm.dylib+0x46c028], sa_mask[0]=11111111011111110111111111111111, sa_flags=SA_RESTART|SA_SIGINFO
SIGUSR1: SIG_DFL, sa_mask[0]=00000000000000000000000000000000, sa_flags=none
SIGUSR2: [libjvm.dylib+0x46bb46], sa_mask[0]=00100000000000000000000000000000, sa_flags=SA_RESTART|SA_SIGINFO
SIGHUP: [libjvm.dylib+0x46a119], sa_mask[0]=11111111011111110111111111111111, sa_flags=SA_RESTART|SA_SIGINFO
SIGINT: [libjvm.dylib+0x46a119], sa_mask[0]=11111111011111110111111111111111, sa_flags=SA_RESTART|SA_SIGINFO
SIGTERM: [libjvm.dylib+0x46a119], sa_mask[0]=11111111011111110111111111111111, sa_flags=SA_RESTART|SA_SIGINFO
SIGQUIT: [libjvm.dylib+0x46a119], sa_mask[0]=11111111011111110111111111111111, sa_flags=SA_RESTART|SA_SIGINFO


---------------  S Y S T E M  ---------------

OS:Bsduname:Darwin 15.0.0 Darwin Kernel Version 15.0.0: Sat Sep 19 15:53:46 PDT 2015; root:xnu-3247.10.11~1/RELEASE_X86_64 x86_64
rlimit: STACK 8192k, CORE 0k, NPROC 709, NOFILE 10240, AS infinity
load average:2.54 2.37 2.23

CPU:total 4 (2 cores per cpu, 2 threads per core) family 6 model 69 stepping 1, cmov, cx8, fxsr, mmx, sse, sse2, sse3, ssse3, sse4.1, sse4.2, popcnt, avx, avx2, aes, clmul, erms, lzcnt, ht, tsc, tscinvbit, bmi1, bmi2

Memory: 4k page, physical 8388608k(720636k free)

/proc/meminfo:


vm_info: Java HotSpot(TM) 64-Bit Server VM (25.51-b03) for bsd-amd64 JRE (1.8.0_51-b16), built on Jun  8 2015 18:01:11 by "java_re" with gcc 4.2.1 (Based on Apple Inc. build 5658) (LLVM build 2336.11.00)

time: Mon Dec 14 15:33:38 2015
elapsed time: 1 seconds (0d 0h 0m 1s)

